# JRE version: OpenJDK Runtime Environment (11.0.3+7) (build 11.0.3+7)
# Java VM: OpenJDK 64-Bit Server VM (11.0.3+7, mixed mode, tiered, compressed oops, g1 gc, bsd-amd64)
Heap:
 garbage-first heap   total 378880K, used 114458K [0x0000000700000000, 0x0000000800000000)
  region size 1024K, 92 young (94208K), 15 survivors (15360K)
 Metaspace       used 61826K, capacity 62867K, committed 63104K, reserved 1105920K
  class space    used 7044K, capacity 7482K, committed 7552K, reserved 1048576K
GC Heap History (10 events):
Event: 7.721 GC heap before
{Heap before GC invocations=12 (full 0):
 garbage-first heap   total 315392K, used 196245K [0x0000000700000000, 0x0000000800000000)
  region size 1024K, 184 young (188416K), 12 survivors (12288K)
 Metaspace       used 43553K, capacity 44384K, committed 44672K, reserved 1089536K
  class space    used 4838K, capacity 5159K, committed 5248K, reserved 1048576K
}
Event: 7.730 GC heap after
{Heap after GC invocations=13 (full 0):
 garbage-first heap   total 378880K, used 21649K [0x0000000700000000, 0x0000000800000000)
  region size 1024K, 14 young (14336K), 14 survivors (14336K)
 Metaspace       used 43553K, capacity 44384K, committed 44672K, reserved 1089536K
  class space    used 4838K, capacity 5159K, committed 5248K, reserved 1048576K
}
Event: 9.268 GC heap before
{Heap before GC invocations=13 (full 0):
 garbage-first heap   total 378880K, used 239761K [0x0000000700000000, 0x0000000800000000)
  region size 1024K, 222 young (227328K), 14 survivors (14336K)
 Metaspace       used 49864K, capacity 50708K, committed 50816K, reserved 1093632K
  class space    used 5675K, capacity 6010K, committed 6016K, reserved 1048576K
}
Event: 9.277 GC heap after
{Heap after GC invocations=14 (full 0):
 garbage-first heap   total 378880K, used 24763K [0x0000000700000000, 0x0000000800000000)
  region size 1024K, 17 young (17408K), 17 survivors (17408K)
 Metaspace       used 49864K, capacity 50708K, committed 50816K, reserved 1093632K
  class space    used 5675K, capacity 6010K, committed 6016K, reserved 1048576K
}
Event: 10.422 GC heap before
{Heap before GC invocations=14 (full 0):
 garbage-first heap   total 378880K, used 234683K [0x0000000700000000, 0x0000000800000000)
  region size 1024K, 222 young (227328K), 17 survivors (17408K)
 Metaspace       used 52280K, capacity 53119K, committed 53504K, reserved 1095680K
  class space    used 6010K, capacity 6344K, committed 6400K, reserved 1048576K
}
Event: 10.433 GC heap after
{Heap after GC invocations=15 (full 0):
 garbage-first heap   total 378880K, used 25762K [0x0000000700000000, 0x0000000800000000)
  region size 1024K, 14 young (14336K), 14 survivors (14336K)
 Metaspace       used 52280K, capacity 53119K, committed 53504K, reserved 1095680K
  class space    used 6010K, capacity 6344K, committed 6400K, reserved 1048576K
}
Event: 11.575 GC heap before
{Heap before GC invocations=15 (full 0):
 garbage-first heap   total 378880K, used 240802K [0x0000000700000000, 0x0000000800000000)
  region size 1024K, 222 young (227328K), 14 survivors (14336K)
 Metaspace       used 57402K, capacity 58401K, committed 58624K, reserved 1101824K
  class space    used 6654K, capacity 7065K, committed 7168K, reserved 1048576K
}
Event: 11.585 GC heap after
{Heap after GC invocations=16 (full 0):
 garbage-first heap   total 378880K, used 36403K [0x0000000700000000, 0x0000000800000000)
  region size 1024K, 22 young (22528K), 22 survivors (22528K)
 Metaspace       used 57402K, capacity 58401K, committed 58624K, reserved 1101824K
  class space    used 6654K, capacity 7065K, committed 7168K, reserved 1048576K
}
Event: 12.310 GC heap before
{Heap before GC invocations=16 (full 0):
 garbage-first heap   total 378880K, used 112179K [0x0000000700000000, 0x0000000800000000)
  region size 1024K, 98 young (100352K), 22 survivors (22528K)
 Metaspace       used 58965K, capacity 59973K, committed 60160K, reserved 1101824K
  class space    used 6772K, capacity 7181K, committed 7296K, reserved 1048576K
}
Event: 12.325 GC heap after
{Heap after GC invocations=17 (full 0):
 garbage-first heap   total 378880K, used 37658K [0x0000000700000000, 0x0000000800000000)
  region size 1024K, 15 young (15360K), 15 survivors (15360K)
 Metaspace       used 58965K, capacity 59973K, committed 60160K, reserved 1101824K
  class space    used 6772K, capacity 7181K, committed 7296K, reserved 1048576K
}

